[debug] [2020-03-30T21:34:44.531Z] ----------------------------------------------------------------------
[debug] [2020-03-30T21:34:44.534Z] Command:       C:\Program Files\nodejs\node.exe C:\Users\Ali Jalal\AppData\Roaming\npm\node_modules\firebase-tools\lib\bin\firebase.js deploy
[debug] [2020-03-30T21:34:44.534Z] CLI Version:   7.14.0
[debug] [2020-03-30T21:34:44.534Z] Platform:      win32
[debug] [2020-03-30T21:34:44.534Z] Node Version:  v12.16.1
[debug] [2020-03-30T21:34:44.536Z] Time:          Mon Mar 30 2020 23:34:44 GMT+0200 (Eastern European Standard Time)
[debug] [2020-03-30T21:34:44.536Z] ----------------------------------------------------------------------
[debug] [2020-03-30T21:34:44.536Z] 
[debug] [2020-03-30T21:34:44.546Z] > command requires scopes: ["email","openid","https://www.googleapis.com/auth/cloudplatformprojects.readonly","https://www.googleapis.com/auth/firebase","https://www.googleapis.com/auth/cloud-platform"]
[debug] [2020-03-30T21:34:44.546Z] > authorizing via signed-in user
[debug] [2020-03-30T21:34:44.547Z] [iam] checking project ecommerce-9cb0a for permissions ["firebase.projects.get","firebasehosting.sites.update"]
[debug] [2020-03-30T21:34:44.549Z] >>> HTTP REQUEST POST https://cloudresourcemanager.googleapis.com/v1/projects/ecommerce-9cb0a:testIamPermissions  

[debug] [2020-03-30T21:34:47.051Z] <<< HTTP RESPONSE 200
[debug] [2020-03-30T21:34:47.053Z] >>> HTTP REQUEST GET https://firebase.googleapis.com/v1beta1/projects/ecommerce-9cb0a  
 
[debug] [2020-03-30T21:34:49.121Z] <<< HTTP RESPONSE 200
[info] 
[info] === Deploying to 'ecommerce-9cb0a'...
[info] 
[info] i  deploying hosting
[debug] [2020-03-30T21:34:49.127Z] >>> HTTP REQUEST POST https://firebasehosting.googleapis.com/v1beta1/sites/ecommerce-9cb0a/versions  

[debug] [2020-03-30T21:34:54.512Z] <<< HTTP RESPONSE 200
[info] i  hosting[ecommerce-9cb0a]: beginning deploy...
[info] i  hosting[ecommerce-9cb0a]: found 26 files in dist
[debug] [2020-03-30T21:34:54.549Z] [hosting] hash cache [ZGlzdA] not populated
[debug] [2020-03-30T21:34:55.723Z] [hosting] hash cache [ZGlzdA] stored for 26 files
[debug] [2020-03-30T21:34:55.723Z] [hosting][hash queue][FINAL]
[debug] [2020-03-30T21:34:55.723Z] >>> HTTP REQUEST POST https://firebasehosting.googleapis.com/v1beta1/sites/ecommerce-9cb0a/versions/1f53403761ce0607:populateFiles  
 <request body omitted>
[debug] [2020-03-30T21:35:03.406Z] <<< HTTP RESPONSE 200
[debug] [2020-03-30T21:35:03.437Z] [hosting][populate queue][FINAL]
[debug] [2020-03-30T21:35:03.437Z] [hosting] uploads queued: 26
[debug] [2020-03-30T21:35:18.498Z] [uploadQueue] Retrying task d5451f0f0f0bcbcd433bbdf4f6e7e5d89d8ecce2650649e969ccb5e5cd499ab2
[debug] [2020-03-30T21:35:38.713Z] [uploadQueue] Retrying task c53f568201bb531fbfea71a93e8b2d9f608b50283ac0a3449a6f27255933f68b
[debug] [2020-03-30T21:35:51.674Z] [uploadQueue] Retrying task c6f5a3ece87aba61f4e7818addf3fdffa182ec72c3d93acf979bec7556269de8
[debug] [2020-03-30T21:36:08.717Z] [uploadQueue] Retrying task 6de009fb5dbb81e1c37c9b7b92edb590a43143fc7b99cfd648863b645ac32f6e
[debug] [2020-03-30T21:36:13.356Z] [uploadQueue] Retrying task cb02574d8c96d86e055aa6f3cef14ae2fdaaf1db6a461e75fc7b6c200ceace08
[debug] [2020-03-30T21:36:17.453Z] [uploadQueue] Retrying task f7bbfcefa1e8c84b2a6e8480c6ecc3e052129491b35ed923103a65f5591d7d94
[debug] [2020-03-30T21:36:43.039Z] [uploadQueue] Retrying task 6de009fb5dbb81e1c37c9b7b92edb590a43143fc7b99cfd648863b645ac32f6e
[debug] [2020-03-30T21:37:33.336Z] [uploadQueue] Retrying task f7bbfcefa1e8c84b2a6e8480c6ecc3e052129491b35ed923103a65f5591d7d94
[debug] [2020-03-30T21:38:13.317Z] [uploadQueue] Retrying task 2ef7abf604b116c8300898d619f80ee37f092a2e1a28f3fa34019f88ab8110c1
[debug] [2020-03-30T21:38:53.325Z] [uploadQueue] Retrying task f7bbfcefa1e8c84b2a6e8480c6ecc3e052129491b35ed923103a65f5591d7d94
[debug] [2020-03-30T21:39:11.403Z] [uploadQueue] Retrying task 2ef7abf604b116c8300898d619f80ee37f092a2e1a28f3fa34019f88ab8110c1
[debug] [2020-03-30T21:40:20.366Z] [uploadQueue] Retrying task f7bbfcefa1e8c84b2a6e8480c6ecc3e052129491b35ed923103a65f5591d7d94
[debug] [2020-03-30T21:41:02.253Z] [uploadQueue] Retrying task 2ef7abf604b116c8300898d619f80ee37f092a2e1a28f3fa34019f88ab8110c1
[debug] [2020-03-30T21:41:13.650Z] [uploadQueue] Retrying task e87d44b9225b74e1ed9f2bc710ba1a9fae7c7c9408ec7c87037bc705e4472406
[debug] [2020-03-30T21:41:38.774Z] [uploadQueue] Retrying task f7bbfcefa1e8c84b2a6e8480c6ecc3e052129491b35ed923103a65f5591d7d94
[debug] [2020-03-30T21:42:05.514Z] [uploadQueue] Retrying task 2ef7abf604b116c8300898d619f80ee37f092a2e1a28f3fa34019f88ab8110c1
[debug] [2020-03-30T21:42:27.500Z] [uploadQueue] Retrying task 62c32b53071ba43ab9c4a343cd7978915cf0f2c631f7601af6b68b01f79e2df1
[debug] [2020-03-30T21:44:51.935Z] [uploadQueue] Retrying task e87d44b9225b74e1ed9f2bc710ba1a9fae7c7c9408ec7c87037bc705e4472406
[debug] [2020-03-30T21:48:43.505Z] [uploadQueue] Retrying task e87d44b9225b74e1ed9f2bc710ba1a9fae7c7c9408ec7c87037bc705e4472406
[debug] [2020-03-30T21:48:59.623Z] [uploadQueue] Retrying task e87d44b9225b74e1ed9f2bc710ba1a9fae7c7c9408ec7c87037bc705e4472406
[debug] [2020-03-30T21:53:26.067Z] [uploadQueue] Retrying task 67e6da95c81689b645113305045a3746df72388c85406f87bb0ac2e7f14a74a3
[debug] [2020-03-30T22:07:29.054Z] [uploadQueue] Retrying task a1b14829dc15bd96342251bd6f01a5560bcfbac63fa2d4f9a377f2895d0c708b
[debug] [2020-03-30T22:16:34.832Z] ----------------------------------------------------------------------
[debug] [2020-03-30T22:16:34.835Z] Command:       C:\Program Files\nodejs\node.exe C:\Users\Ali Jalal\AppData\Roaming\npm\node_modules\firebase-tools\lib\bin\firebase.js deploy
[debug] [2020-03-30T22:16:34.835Z] CLI Version:   7.14.0
[debug] [2020-03-30T22:16:34.835Z] Platform:      win32
[debug] [2020-03-30T22:16:34.835Z] Node Version:  v12.16.1
[debug] [2020-03-30T22:16:34.836Z] Time:          Tue Mar 31 2020 00:16:34 GMT+0200 (Eastern European Standard Time)
[debug] [2020-03-30T22:16:34.836Z] ----------------------------------------------------------------------
[debug] [2020-03-30T22:16:34.837Z] 
[debug] [2020-03-30T22:16:34.854Z] > command requires scopes: ["email","openid","https://www.googleapis.com/auth/cloudplatformprojects.readonly","https://www.googleapis.com/auth/firebase","https://www.googleapis.com/auth/cloud-platform"]
[debug] [2020-03-30T22:16:34.855Z] > authorizing via signed-in user
[debug] [2020-03-30T22:16:34.855Z] [iam] checking project ecommerce-9cb0a for permissions ["firebase.projects.get","firebasehosting.sites.update"]
[debug] [2020-03-30T22:16:34.859Z] > refreshing access token with scopes: ["email","https://www.googleapis.com/auth/cloud-platform","https://www.googleapis.com/auth/cloudplatformprojects.readonly","https://www.googleapis.com/auth/firebase","openid"]
[debug] [2020-03-30T22:16:34.860Z] >>> HTTP REQUEST POST https://www.googleapis.com/oauth2/v3/token  
 <request body omitted>
[debug] [2020-03-30T22:16:35.785Z] <<< HTTP RESPONSE 200
[debug] [2020-03-30T22:16:35.850Z] >>> HTTP REQUEST POST https://cloudresourcemanager.googleapis.com/v1/projects/ecommerce-9cb0a:testIamPermissions  

[debug] [2020-03-30T22:16:45.189Z] <<< HTTP RESPONSE 200
[debug] [2020-03-30T22:16:45.190Z] >>> HTTP REQUEST GET https://firebase.googleapis.com/v1beta1/projects/ecommerce-9cb0a  
 
[debug] [2020-03-30T22:16:47.519Z] <<< HTTP RESPONSE 200
[info] 
[info] === Deploying to 'ecommerce-9cb0a'...
[info] 
[info] i  deploying hosting
[debug] [2020-03-30T22:16:47.539Z] >>> HTTP REQUEST POST https://firebasehosting.googleapis.com/v1beta1/sites/ecommerce-9cb0a/versions  

[debug] [2020-03-30T22:16:51.014Z] <<< HTTP RESPONSE 200
[info] i  hosting[ecommerce-9cb0a]: beginning deploy...
[info] i  hosting[ecommerce-9cb0a]: found 26 files in dist
[debug] [2020-03-30T22:16:51.049Z] [hosting] hash cache [ZGlzdA] stored for 26 files
[debug] [2020-03-30T22:16:51.050Z] [hosting][hash queue][FINAL]
[debug] [2020-03-30T22:16:51.050Z] >>> HTTP REQUEST POST https://firebasehosting.googleapis.com/v1beta1/sites/ecommerce-9cb0a/versions/9f2a9d8e67aa4ac8:populateFiles  
 <request body omitted>
[debug] [2020-03-30T22:16:53.267Z] <<< HTTP RESPONSE 200
[debug] [2020-03-30T22:16:53.272Z] [hosting][populate queue][FINAL]
[debug] [2020-03-30T22:16:53.272Z] [hosting] uploads queued: 2
[debug] [2020-03-30T22:19:31.294Z] [uploadQueue] Retrying task a1b14829dc15bd96342251bd6f01a5560bcfbac63fa2d4f9a377f2895d0c708b
[debug] [2020-03-30T22:19:50.129Z] [uploadQueue] Retrying task a1b14829dc15bd96342251bd6f01a5560bcfbac63fa2d4f9a377f2895d0c708b
[debug] [2020-03-30T22:23:55.326Z] [uploadQueue] Retrying task a1b14829dc15bd96342251bd6f01a5560bcfbac63fa2d4f9a377f2895d0c708b
[debug] [2020-03-30T22:27:17.042Z] [uploadQueue] Retrying task 67e6da95c81689b645113305045a3746df72388c85406f87bb0ac2e7f14a74a3
